#
# A fatal error has been detected by the Java Runtime Environment:
#
#  SIGSEGV (0xb) at pc=0x000000011b5a48e3, pid=21069, tid=1299
#
# JRE version: Java(TM) SE Runtime Environment (7.0_67-b01) (build 1.7.0_67-b01)
# Java VM: Java HotSpot(TM) 64-Bit Server VM (24.65-b04 mixed mode bsd-amd64 compressed oops)
# Problematic frame:
# C  [libglass.dylib+0x158e3]  GlassScreenDidChangeScreenParameters+0x13
#
# Failed to write core dump. Core dumps have been disabled. To enable core dumping, try "ulimit -c unlimited" before starting Java again
#
# If you would like to submit a bug report, please visit:
#   http://bugreport.sun.com/bugreport/crash.jsp
#

---------------  T H R E A D  ---------------

Current thread is native thread

siginfo:si_signo=SIGSEGV: si_errno=0, si_code=1 (SEGV_MAPERR), si_addr=0x0000000000000000

Registers:
RAX=0x00000000000000b1, RBX=0x0000000000000000, RCX=0x75006f24ac88bbe5, RDX=0x00007fff7db4d1f8
RSP=0x00007fff5699a800, RBP=0x00007fff5699a810, RSI=0x0000010000000100, RDI=0x0000000000000000
R8 =0x00007fff5699a6a0, R9 =0x00007fff7cb67300, R10=0x0000000000000000, R11=0x0000000000000246
R12=0x00007fbde3c18960, R13=0x00000000000f4268, R14=0x00007fbde3e3bad0, R15=0x00007fff5699a950
RIP=0x000000011b5a48e3, EFLAGS=0x0000000000010206, ERR=0x0000000000000004
  TRAPNO=0x000000000000000e

Top of Stack: (sp=0x00007fff5699a800)
0x00007fff5699a800:   00007fff5699a9e0 00007fbde3c18960
0x00007fff5699a810:   00007fff5699a820 00007fff93986cbc
0x00007fff5699a820:   00007fff5699ab80 00007fff938781b4
0x00007fff5699a830:   00007fbd00100000 0000000000001400
0x00007fff5699a840:   00007fbde3d00000 00007fbde3dfc080
0x00007fff5699a850:   0000000000001002 0000000000000900
0x00007fff5699a860:   0000000000000006 00007fbde3e3bad0
0x00007fff5699a870:   0000000000000000 00007fff5699a950
0x00007fff5699a880:   0000000000000000 00007fbde3e3b8f0
0x00007fff5699a890:   00007fff5699a9d0 0000000000000060
0x00007fff5699a8a0:   00000000000f4317 00007fbde3fef240
0x00007fff5699a8b0:   00007fbde3d34e10 00007fbde3c18960
0x00007fff5699a8c0:   0000000000000001 00000000000f4268
0x00007fff5699a8d0:   00007fbde3c18950 00007fff98793acb
0x00007fff5699a8e0:   0000000000000001 0000000000000001
0x00007fff5699a8f0:   0000000000000030 0000000000000001
0x00007fff5699a900:   00007fff5699a920 00007fff98799231
0x00007fff5699a910:   00007fff7d3cfdd0 0000000000000000
0x00007fff5699a920:   00007fff5699a940 000000000000001a
0x00007fff5699a930:   000208030927c000 00007fbde3c18984
0x00007fff5699a940:   0000000000000000 00007fff9386dc8f
0x00007fff5699a950:   00007fbde3e3bad0 00007fff7d3cfdd0
0x00007fff5699a960:   00007fff5699a9e0 00007fff938767bf
0x00007fff5699a970:   00007fff5699a9e4 00000000004a9301
0x00007fff5699a980:   000000010927fa00 0000000000000002
0x00007fff5699a990:   000000010927c000 00007fbde640bb32
0x00007fff5699a9a0:   0000000000000003 0000000109280e00
0x00007fff5699a9b0:   00007fff5699aaa0 00007fff987922a2
0x00007fff5699a9c0:   00007fbde3d34980 00007fff5699ab88
0x00007fff5699a9d0:   0000000000000017 0000000000000000
0x00007fff5699a9e0:   00000000000f4268 00007fff9386df83
0x00007fff5699a9f0:   00007fff00000000 00007fbde3c3bc50 

Instructions: (pc=0x000000011b5a48e3)
0x000000011b5a48c3:   90 90 90 90 90 90 90 90 90 90 90 90 90 55 48 89
0x000000011b5a48d3:   e5 48 89 5d f0 4c 89 65 f8 48 83 ec 10 48 89 fb
0x000000011b5a48e3:   48 8b 07 4c 8d 25 bb 49 03 00 48 8d 0d dc 75 01
0x000000011b5a48f3:   00 48 8d 15 09 c9 01 00 49 8b 34 24 ff 90 88 03 

Register to memory mapping:

RAX=0x00000000000000b1 is an unknown value
RBX=0x0000000000000000 is an unknown value
RCX=0x75006f24ac88bbe5 is an unknown value
RDX=0x00007fff7db4d1f8: __sFX+0x1c8 in /usr/lib/system/libsystem_c.dylib at 0x00007fff978be000
RSP=0x00007fff5699a800 is an unknown value
RBP=0x00007fff5699a810 is an unknown value
RSI=0x0000010000000100 is an unknown value
RDI=0x0000000000000000 is an unknown value
R8 =0x00007fff5699a6a0 is an unknown value
R9 =0x00007fff7cb67300: _thread+0 in /usr/lib/system/libsystem_pthread.dylib at 0x00007fff900e2000
R10=0x0000000000000000 is an unknown value
R11=0x0000000000000246 is an unknown value
R12=0x00007fbde3c18960 is an unknown value
R13=0x00000000000f4268 is an unknown value
R14=0x00007fbde3e3bad0 is an unknown value
R15=0x00007fff5699a950 is an unknown value


Stack: [0x00007fff5691e000,0x00007fff5699e000],  sp=0x00007fff5699a800,  free space=498k
Native frames: (J=compiled Java code, j=interpreted, Vv=VM code, C=native code)
C  [libglass.dylib+0x158e3]  GlassScreenDidChangeScreenParameters+0x13
C  [CoreFoundation+0x11ecbc]  __CFNOTIFICATIONCENTER_IS_CALLING_OUT_TO_AN_OBSERVER__+0xc
C  [CoreFoundation+0x101b4]  _CFXNotificationPost+0xc44
C  [Foundation+0x2ea1]  -[NSNotificationCenter postNotificationName:object:userInfo:]+0x42
C  [AppKit+0x362dee]  -[NSApplication _reactToScreenInvalidationImmediately:]+0x17b
C  [AppKit+0x362c2d]  __44-[NSApplication _reactToScreenInvalidation:]_block_invoke+0x4b
C  [CoreFoundation+0x8054c]  __CFRUNLOOP_IS_CALLING_OUT_TO_A_BLOCK__+0xc
C  [CoreFoundation+0x72655]  __CFRunLoopDoBlocks+0x155
C  [CoreFoundation+0x72196]  __CFRunLoopRun+0x716
C  [CoreFoundation+0x71838]  CFRunLoopRunSpecific+0x128
C  [java+0x73b0]  CreateExecutionEnvironment+0x367
C  [java+0x1b5c]  JLI_Launch+0x7a0
C  [java+0x770d]  main+0x65
C  [java+0x13b4]  start+0x34


---------------  P R O C E S S  ---------------

VM state:not at safepoint (normal execution)

VM Mutex/Monitor currently owned by a thread: None

Heap
 PSYoungGen      total 76800K, used 43705K [0x00000007aaa80000, 0x00000007b0000000, 0x0000000800000000)
  eden space 66048K, 66% used [0x00000007aaa80000,0x00000007ad52e478,0x00000007aeb00000)
  from space 10752K, 0% used [0x00000007af580000,0x00000007af580000,0x00000007b0000000)
  to   space 10752K, 0% used [0x00000007aeb00000,0x00000007aeb00000,0x00000007af580000)
 ParOldGen       total 174592K, used 0K [0x0000000700000000, 0x000000070aa80000, 0x00000007aaa80000)
  object space 174592K, 0% used [0x0000000700000000,0x0000000700000000,0x000000070aa80000)
 PSPermGen       total 21504K, used 11843K [0x00000006fae00000, 0x00000006fc300000, 0x0000000700000000)
  object space 21504K, 55% used [0x00000006fae00000,0x00000006fb990f88,0x00000006fc300000)

Card table byte_map: [0x000000010d87c000,0x000000010e0a6000] byte_map_base: 0x000000010a0a5000

Polling page: 0x00000001093b4000

Code Cache  [0x000000010a7bc000, 0x000000010aa2c000, 0x000000010d7bc000)
 total_blobs=491 nmethods=62 adapters=391 free_code_cache=48474Kb largest_free_block=49633152

Compilation events (10 events):
Event: 1.351 Thread 0x00007fbde486c000   59             java.lang.AbstractStringBuilder::ensureCapacityInternal (16 bytes)
Event: 1.353 Thread 0x00007fbde486c000 nmethod 59 0x000000010a859e10 code [0x000000010a859f60, 0x000000010a85a1d8]
Event: 1.385 Thread 0x00007fbde5841800   60             java.lang.CharacterData::of (120 bytes)
Event: 1.386 Thread 0x00007fbde5841800 nmethod 60 0x000000010a849b10 code [0x000000010a849c60, 0x000000010a849d58]
Event: 1.386 Thread 0x00007fbde5841800   61             java.lang.CharacterDataLatin1::getProperties (11 bytes)
Event: 1.387 Thread 0x00007fbde5841800 nmethod 61 0x000000010a857d10 code [0x000000010a857e40, 0x000000010a857ed8]
Event: 1.412 Thread 0x00007fbde5841800   62             java.lang.String::getChars (62 bytes)
Event: 1.415 Thread 0x00007fbde5841800 nmethod 62 0x000000010a858350 code [0x000000010a8584a0, 0x000000010a8586d8]
Event: 1.491 Thread 0x00007fbde486c000   63             java.lang.AbstractStringBuilder::append (48 bytes)
Event: 1.495 Thread 0x00007fbde486c000 nmethod 63 0x000000010a85f690 code [0x000000010a85f800, 0x000000010a85fcf8]

GC Heap History (0 events):
No events

Deoptimization events (9 events):
Event: 0.706 Thread 0x00007fbde48f1000 Uncommon trap: reason=class_check action=maybe_recompile pc=0x000000010a835ee8 method=sun.misc.URLClassPath.getLoader(I)Lsun/misc/URLClassPath$Loader; @ 150
Event: 0.739 Thread 0x00007fbde48f1000 Uncommon trap: reason=class_check action=maybe_recompile pc=0x000000010a835ee8 method=sun.misc.URLClassPath.getLoader(I)Lsun/misc/URLClassPath$Loader; @ 150
Event: 0.740 Thread 0x00007fbde48f1000 Uncommon trap: reason=class_check action=maybe_recompile pc=0x000000010a835ee8 method=sun.misc.URLClassPath.getLoader(I)Lsun/misc/URLClassPath$Loader; @ 150
Event: 0.834 Thread 0x00007fbde48f1000 Uncommon trap: reason=class_check action=maybe_recompile pc=0x000000010a835ee8 method=sun.misc.URLClassPath.getLoader(I)Lsun/misc/URLClassPath$Loader; @ 150
Event: 0.855 Thread 0x00007fbde48f1000 Uncommon trap: reason=bimorphic action=maybe_recompile pc=0x000000010a830ab8 method=java.util.HashMap.getEntry(Ljava/lang/Object;)Ljava/util/HashMap$Entry; @ 68
Event: 0.855 Thread 0x00007fbde48f1000 Uncommon trap: reason=bimorphic action=maybe_recompile pc=0x000000010a830ab8 method=java.util.HashMap.getEntry(Ljava/lang/Object;)Ljava/util/HashMap$Entry; @ 68
Event: 0.867 Thread 0x00007fbde48f1000 Uncommon trap: reason=bimorphic action=maybe_recompile pc=0x000000010a830ab8 method=java.util.HashMap.getEntry(Ljava/lang/Object;)Ljava/util/HashMap$Entry; @ 68
Event: 0.867 Thread 0x00007fbde48f1000 Uncommon trap: reason=bimorphic action=maybe_recompile pc=0x000000010a830ab8 method=java.util.HashMap.getEntry(Ljava/lang/Object;)Ljava/util/HashMap$Entry; @ 68
Event: 1.369 Thread 0x00007fbde48f1000 Uncommon trap: reason=unreached action=reinterpret pc=0x000000010a847138 method=java.util.HashMap.get(Ljava/lang/Object;)Ljava/lang/Object; @ 1

Internal exceptions (10 events):
Event: 31.447 Thread 0x00007fbde48f1000 Threw 0x00000007ad2b9530 at /HUDSON/workspace/7u-2-build-macosx-x86_64/jdk7u67/1368/hotspot/src/share/vm/prims/jvm.cpp:1244
Event: 31.448 Thread 0x00007fbde48f1000 Threw 0x00000007ad2c1368 at /HUDSON/workspace/7u-2-build-macosx-x86_64/jdk7u67/1368/hotspot/src/share/vm/prims/jvm.cpp:1244
Event: 31.449 Thread 0x00007fbde48f1000 Threw 0x00000007ad2c67c0 at /HUDSON/workspace/7u-2-build-macosx-x86_64/jdk7u67/1368/hotspot/src/share/vm/prims/jvm.cpp:1244
Event: 31.450 Thread 0x00007fbde48f1000 Threw 0x00000007ad2cadf0 at /HUDSON/workspace/7u-2-build-macosx-x86_64/jdk7u67/1368/hotspot/src/share/vm/prims/jvm.cpp:1244
Event: 31.976 Thread 0x00007fbde48f1000 Threw 0x00000007ad2d08e8 at /HUDSON/workspace/7u-2-build-macosx-x86_64/jdk7u67/1368/hotspot/src/share/vm/prims/jvm.cpp:1244
Event: 31.982 Thread 0x00007fbde48f1000 Threw 0x00000007ad2d4ce8 at /HUDSON/workspace/7u-2-build-macosx-x86_64/jdk7u67/1368/hotspot/src/share/vm/prims/jvm.cpp:1244
Event: 31.987 Thread 0x00007fbde401f000 Threw 0x00000007ab4892e0 at /HUDSON/workspace/7u-2-build-macosx-x86_64/jdk7u67/1368/hotspot/src/share/vm/prims/jvm.cpp:1244
Event: 31.987 Thread 0x00007fbde401f000 Threw 0x00000007ab48ddb8 at /HUDSON/workspace/7u-2-build-macosx-x86_64/jdk7u67/1368/hotspot/src/share/vm/prims/jvm.cpp:1244
Event: 31.988 Thread 0x00007fbde401f000 Threw 0x00000007ab492258 at /HUDSON/workspace/7u-2-build-macosx-x86_64/jdk7u67/1368/hotspot/src/share/vm/prims/jvm.cpp:1244
Event: 31.989 Thread 0x00007fbde48f1000 Threw 0x00000007ad2da638 at /HUDSON/workspace/7u-2-build-macosx-x86_64/jdk7u67/1368/hotspot/src/share/vm/prims/jvm.cpp:1244

Events (10 events):
Event: 31.989 loading class 0x0000000117563280
Event: 31.989 loading class 0x0000000117563280 done
Event: 31.989 loading class 0x00007fbde3f3ef70
Event: 31.989 loading class 0x00007fbde3f3ef70 done
Event: 31.989 Thread 0x00007fbde401f000 Thread exited: 0x00007fbde401f000
Event: 31.989 Thread 0x00007fbde58e5000 Thread exited: 0x00007fbde58e5000
Event: 31.990 Thread 0x00007fbde400c800 Thread exited: 0x00007fbde400c800
Event: 31.990 Thread 0x00007fbde58e5000 Thread added: 0x00007fbde58e5000
Event: 31.994 Thread 0x00007fbde48f1000 Thread exited: 0x00007fbde48f1000
Event: 32.001 Thread 0x00007fbde4969000 Thread exited: 0x00007fbde4969000


Dynamic libraries:
0x000000000bf2e000 	/System/Library/Frameworks/Cocoa.framework/Versions/A/Cocoa
0x000000000bf2e000 	/System/Library/Frameworks/Security.framework/Versions/A/Security
0x000000000bf2e000 	/System/Library/Frameworks/ApplicationServices.framework/Versions/A/ApplicationServices
0x000000000bf2e000 	/usr/lib/libz.1.dylib
0x000000000bf2e000 	/usr/lib/libSystem.B.dylib
0x000000000bf2e000 	/usr/lib/libobjc.A.dylib
0x000000000bf2e000 	/System/Library/Frameworks/CoreFoundation.framework/Versions/A/CoreFoundation
0x000000000bf2e000 	/System/Library/Frameworks/Foundation.framework/Versions/C/Foundation
0x000000000bf2e000 	/System/Library/Frameworks/AppKit.framework/Versions/C/AppKit
0x000000000bf2e000 	/System/Library/Frameworks/CoreData.framework/Versions/A/CoreData
0x000000000bf2e000 	/System/Library/PrivateFrameworks/RemoteViewServices.framework/Versions/A/RemoteViewServices
0x000000000bf2e000 	/System/Library/PrivateFrameworks/UIFoundation.framework/Versions/A/UIFoundation
0x000000000bf2e000 	/System/Library/Frameworks/IOSurface.framework/Versions/A/IOSurface
0x000000000bf2e000 	/System/Library/Frameworks/AudioToolbox.framework/Versions/A/AudioToolbox
0x000000000bf2e000 	/System/Library/Frameworks/AudioUnit.framework/Versions/A/AudioUnit
0x000000000bf2e000 	/System/Library/PrivateFrameworks/DataDetectorsCore.framework/Versions/A/DataDetectorsCore
0x000000000bf2e000 	/System/Library/PrivateFrameworks/DesktopServicesPriv.framework/Versions/A/DesktopServicesPriv
0x000000000bf2e000 	/System/Library/Frameworks/Carbon.framework/Versions/A/Frameworks/HIToolbox.framework/Versions/A/HIToolbox
0x000000000bf2e000 	/System/Library/Frameworks/QuartzCore.framework/Versions/A/QuartzCore
0x000000000bf2e000 	/System/Library/Frameworks/Carbon.framework/Versions/A/Frameworks/SpeechRecognition.framework/Versions/A/SpeechRecognition
0x000000000bf2e000 	/usr/lib/libauto.dylib
0x000000000bf2e000 	/usr/lib/libicucore.A.dylib
0x000000000bf2e000 	/usr/lib/libxml2.2.dylib
0x000000000bf2e000 	/System/Library/PrivateFrameworks/CoreUI.framework/Versions/A/CoreUI
0x000000000bf2e000 	/System/Library/Frameworks/CoreAudio.framework/Versions/A/CoreAudio
0x000000000bf2e000 	/System/Library/Frameworks/DiskArbitration.framework/Versions/A/DiskArbitration
0x000000000bf2e000 	/usr/lib/liblangid.dylib
0x000000000bf2e000 	/System/Library/PrivateFrameworks/MultitouchSupport.framework/Versions/A/MultitouchSupport
0x000000000bf2e000 	/System/Library/Frameworks/IOKit.framework/Versions/A/IOKit
0x000000000bf2e000 	/usr/lib/libDiagnosticMessagesClient.dylib
0x000000000bf2e000 	/System/Library/Frameworks/CoreServices.framework/Versions/A/CoreServices
0x000000000bf2e000 	/System/Library/PrivateFrameworks/PerformanceAnalysis.framework/Versions/A/PerformanceAnalysis
0x000000000bf2e000 	/System/Library/PrivateFrameworks/GenerationalStorage.framework/Versions/A/GenerationalStorage
0x000000000bf2e000 	/System/Library/Frameworks/OpenGL.framework/Versions/A/OpenGL
0x000000000bf2e000 	/System/Library/PrivateFrameworks/Sharing.framework/Versions/A/Sharing
0x000000000bf2e000 	/System/Library/Frameworks/CoreGraphics.framework/Versions/A/CoreGraphics
0x000000000bf2e000 	/System/Library/Frameworks/CoreText.framework/Versions/A/CoreText
0x000000000bf2e000 	/System/Library/Frameworks/ImageIO.framework/Versions/A/ImageIO
0x000000000bf2e000 	/usr/lib/libextension.dylib
0x000000000bf2e000 	/System/Library/PrivateFrameworks/Backup.framework/Versions/A/Backup
0x000000000bf2e000 	/usr/lib/libarchive.2.dylib
0x000000000bf2e000 	/System/Library/Frameworks/CFNetwork.framework/Versions/A/CFNetwork
0x000000000bf2e000 	/System/Library/Frameworks/SystemConfiguration.framework/Versions/A/SystemConfiguration
0x000000000bf2e000 	/usr/lib/libCRFSuite.dylib
0x000000000bf2e000 	/usr/lib/libc++.1.dylib
0x000000000bf2e000 	/usr/lib/libc++abi.dylib
0x000000000bf2e000 	/usr/lib/system/libcache.dylib
0x000000000bf2e000 	/usr/lib/system/libcommonCrypto.dylib
0x000000000bf2e000 	/usr/lib/system/libcompiler_rt.dylib
0x000000000bf2e000 	/usr/lib/system/libcopyfile.dylib
0x000000000bf2e000 	/usr/lib/system/libcorecrypto.dylib
0x000000000bf2e000 	/usr/lib/system/libdispatch.dylib
0x000000000bf2e000 	/usr/lib/system/libdyld.dylib
0x000000000bf2e000 	/usr/lib/system/libkeymgr.dylib
0x000000000bf2e000 	/usr/lib/system/liblaunch.dylib
0x000000000bf2e000 	/usr/lib/system/libmacho.dylib
0x000000000bf2e000 	/usr/lib/system/libquarantine.dylib
0x000000000bf2e000 	/usr/lib/system/libremovefile.dylib
0x000000000bf2e000 	/usr/lib/system/libsystem_asl.dylib
0x000000000bf2e000 	/usr/lib/system/libsystem_blocks.dylib
0x000000000bf2e000 	/usr/lib/system/libsystem_c.dylib
0x000000000bf2e000 	/usr/lib/system/libsystem_configuration.dylib
0x000000000bf2e000 	/usr/lib/system/libsystem_coreservices.dylib
0x000000000bf2e000 	/usr/lib/system/libsystem_coretls.dylib
0x000000000bf2e000 	/usr/lib/system/libsystem_dnssd.dylib
0x000000000bf2e000 	/usr/lib/system/libsystem_info.dylib
0x000000000bf2e000 	/usr/lib/system/libsystem_kernel.dylib
0x000000000bf2e000 	/usr/lib/system/libsystem_m.dylib
0x000000000bf2e000 	/usr/lib/system/libsystem_malloc.dylib
0x000000000bf2e000 	/usr/lib/system/libsystem_network.dylib
0x000000000bf2e000 	/usr/lib/system/libsystem_networkextension.dylib
0x000000000bf2e000 	/usr/lib/system/libsystem_notify.dylib
0x000000000bf2e000 	/usr/lib/system/libsystem_platform.dylib
0x000000000bf2e000 	/usr/lib/system/libsystem_pthread.dylib
0x000000000bf2e000 	/usr/lib/system/libsystem_sandbox.dylib
0x000000000bf2e000 	/usr/lib/system/libsystem_secinit.dylib
0x000000000bf2e000 	/usr/lib/system/libsystem_stats.dylib
0x000000000bf2e000 	/usr/lib/system/libsystem_trace.dylib
0x000000000bf2e000 	/usr/lib/system/libunc.dylib
0x000000000bf2e000 	/usr/lib/system/libunwind.dylib
0x000000000bf2e000 	/usr/lib/system/libxpc.dylib
0x000000000bf2e000 	/usr/lib/libbz2.1.0.dylib
0x000000000bf2e000 	/usr/lib/liblzma.5.dylib
0x000000000bf2e000 	/usr/lib/libbsm.0.dylib
0x000000000bf2e000 	/usr/lib/libsqlite3.dylib
0x000000000bf2e000 	/usr/lib/system/libkxld.dylib
0x000000000bf2e000 	/usr/lib/libxar.1.dylib
0x000000000bf2e000 	/usr/lib/libpam.2.dylib
0x000000000bf2e000 	/usr/lib/libOpenScriptingUtil.dylib
0x000000000bf2e000 	/System/Library/Frameworks/CoreServices.framework/Versions/A/Frameworks/FSEvents.framework/Versions/A/FSEvents
0x000000000bf2e000 	/System/Library/Frameworks/CoreServices.framework/Versions/A/Frameworks/CarbonCore.framework/Versions/A/CarbonCore
0x000000000bf2e000 	/System/Library/Frameworks/CoreServices.framework/Versions/A/Frameworks/Metadata.framework/Versions/A/Metadata
0x000000000bf2e000 	/System/Library/Frameworks/CoreServices.framework/Versions/A/Frameworks/OSServices.framework/Versions/A/OSServices
0x000000000bf2e000 	/System/Library/Frameworks/CoreServices.framework/Versions/A/Frameworks/SearchKit.framework/Versions/A/SearchKit
0x000000000bf2e000 	/System/Library/Frameworks/CoreServices.framework/Versions/A/Frameworks/AE.framework/Versions/A/AE
0x000000000bf2e000 	/System/Library/Frameworks/CoreServices.framework/Versions/A/Frameworks/LaunchServices.framework/Versions/A/LaunchServices
0x000000000bf2e000 	/System/Library/Frameworks/CoreServices.framework/Versions/A/Frameworks/DictionaryServices.framework/Versions/A/DictionaryServices
0x000000000bf2e000 	/System/Library/Frameworks/NetFS.framework/Versions/A/NetFS
0x000000000bf2e000 	/System/Library/PrivateFrameworks/NetAuth.framework/Versions/A/NetAuth
0x000000000bf2e000 	/System/Library/PrivateFrameworks/login.framework/Versions/A/Frameworks/loginsupport.framework/Versions/A/loginsupport
0x000000000bf2e000 	/System/Library/PrivateFrameworks/TCC.framework/Versions/A/TCC
0x000000000bf2e000 	/usr/lib/libmecabra.dylib
0x000000000bf2e000 	/System/Library/PrivateFrameworks/LanguageModeling.framework/Versions/A/LanguageModeling
0x000000000bf2e000 	/usr/lib/libcmph.dylib
0x000000000bf2e000 	/usr/lib/libiconv.2.dylib
0x000000000bf2e000 	/System/Library/Frameworks/OpenDirectory.framework/Versions/A/Frameworks/CFOpenDirectory.framework/Versions/A/CFOpenDirectory
0x000000000bf2e000 	/System/Library/Frameworks/ServiceManagement.framework/Versions/A/ServiceManagement
0x000000000bf2e000 	/usr/lib/libxslt.1.dylib
0x000000000bf2e000 	/System/Library/Frameworks/Carbon.framework/Versions/A/Frameworks/Ink.framework/Versions/A/Ink
0x000000000bf2e000 	/System/Library/Frameworks/ApplicationServices.framework/Versions/A/Frameworks/ATS.framework/Versions/A/ATS
0x000000000bf2e000 	/System/Library/Frameworks/ApplicationServices.framework/Versions/A/Frameworks/ColorSync.framework/Versions/A/ColorSync
0x000000000bf2e000 	/System/Library/Frameworks/ApplicationServices.framework/Versions/A/Frameworks/HIServices.framework/Versions/A/HIServices
0x000000000bf2e000 	/System/Library/Frameworks/ApplicationServices.framework/Versions/A/Frameworks/LangAnalysis.framework/Versions/A/LangAnalysis
0x000000000bf2e000 	/System/Library/Frameworks/ApplicationServices.framework/Versions/A/Frameworks/PrintCore.framework/Versions/A/PrintCore
0x000000000bf2e000 	/System/Library/Frameworks/ApplicationServices.framework/Versions/A/Frameworks/QD.framework/Versions/A/QD
0x000000000bf2e000 	/System/Library/Frameworks/ApplicationServices.framework/Versions/A/Frameworks/SpeechSynthesis.framework/Versions/A/SpeechSynthesis
0x000000000bf2e000 	/System/Library/Frameworks/Accelerate.framework/Versions/A/Accelerate
0x000000000bf2e000 	/System/Library/Frameworks/Accelerate.framework/Versions/A/Frameworks/vImage.framework/Versions/A/vImage
0x000000000bf2e000 	/System/Library/Frameworks/Accelerate.framework/Versions/A/Frameworks/vecLib.framework/Versions/A/vecLib
0x000000000bf2e000 	/System/Library/Frameworks/Accelerate.framework/Versions/A/Frameworks/vecLib.framework/Versions/A/libvDSP.dylib
0x000000000bf2e000 	/System/Library/Frameworks/Accelerate.framework/Versions/A/Frameworks/vecLib.framework/Versions/A/libvMisc.dylib
0x000000000bf2e000 	/System/Library/Frameworks/Accelerate.framework/Versions/A/Frameworks/vecLib.framework/Versions/A/libLAPACK.dylib
0x000000000bf2e000 	/System/Library/Frameworks/Accelerate.framework/Versions/A/Frameworks/vecLib.framework/Versions/A/libBLAS.dylib
0x000000000bf2e000 	/System/Library/Frameworks/Accelerate.framework/Versions/A/Frameworks/vecLib.framework/Versions/A/libLinearAlgebra.dylib
0x000000000bf2e000 	/System/Library/Frameworks/ApplicationServices.framework/Versions/A/Frameworks/ATS.framework/Versions/A/Resources/libFontParser.dylib
0x000000000bf2e000 	/System/Library/Frameworks/ApplicationServices.framework/Versions/A/Frameworks/ATS.framework/Versions/A/Resources/libFontRegistry.dylib
0x000000000bf2e000 	/System/Library/PrivateFrameworks/AppleVPA.framework/Versions/A/AppleVPA
0x000000000bf2e000 	/System/Library/PrivateFrameworks/AppleJPEG.framework/Versions/A/AppleJPEG
0x000000000bf2e000 	/System/Library/Frameworks/ImageIO.framework/Versions/A/Resources/libJPEG.dylib
0x000000000bf2e000 	/System/Library/Frameworks/ImageIO.framework/Versions/A/Resources/libTIFF.dylib
0x000000000bf2e000 	/System/Library/Frameworks/ImageIO.framework/Versions/A/Resources/libPng.dylib
0x000000000bf2e000 	/System/Library/Frameworks/ImageIO.framework/Versions/A/Resources/libGIF.dylib
0x000000000bf2e000 	/System/Library/Frameworks/ImageIO.framework/Versions/A/Resources/libJP2.dylib
0x000000000bf2e000 	/System/Library/Frameworks/ImageIO.framework/Versions/A/Resources/libRadiance.dylib
0x000000000bf2e000 	/System/Library/Frameworks/CoreVideo.framework/Versions/A/CoreVideo
0x000000000bf2e000 	/System/Library/Frameworks/OpenGL.framework/Versions/A/Libraries/libGLU.dylib
0x000000000bf2e000 	/System/Library/Frameworks/OpenGL.framework/Versions/A/Libraries/libGFXShared.dylib
0x000000000bf2e000 	/System/Library/Frameworks/OpenGL.framework/Versions/A/Libraries/libGL.dylib
0x000000000bf2e000 	/System/Library/Frameworks/OpenGL.framework/Versions/A/Libraries/libGLImage.dylib
0x000000000bf2e000 	/System/Library/Frameworks/OpenGL.framework/Versions/A/Libraries/libCVMSPluginSupport.dylib
0x000000000bf2e000 	/System/Library/Frameworks/OpenGL.framework/Versions/A/Libraries/libCoreVMClient.dylib
0x000000000bf2e000 	/usr/lib/libcups.2.dylib
0x000000000bf2e000 	/System/Library/Frameworks/Kerberos.framework/Versions/A/Kerberos
0x000000000bf2e000 	/System/Library/Frameworks/GSS.framework/Versions/A/GSS
0x000000000bf2e000 	/usr/lib/libresolv.9.dylib
0x000000000bf2e000 	/System/Library/PrivateFrameworks/Heimdal.framework/Versions/A/Heimdal
0x000000000bf2e000 	/usr/lib/libheimdal-asn1.dylib
0x000000000bf2e000 	/System/Library/Frameworks/OpenDirectory.framework/Versions/A/OpenDirectory
0x000000000bf2e000 	/System/Library/PrivateFrameworks/CommonAuth.framework/Versions/A/CommonAuth
0x000000000bf2e000 	/System/Library/Frameworks/SecurityFoundation.framework/Versions/A/SecurityFoundation
0x000000000bf2e000 	/System/Library/Frameworks/QuartzCore.framework/Versions/A/Frameworks/CoreImage.framework/Versions/A/CoreImage
0x000000000bf2e000 	/System/Library/PrivateFrameworks/CrashReporterSupport.framework/Versions/A/CrashReporterSupport
0x000000000bf2e000 	/System/Library/Frameworks/OpenCL.framework/Versions/A/OpenCL
0x000000000bf2e000 	/System/Library/PrivateFrameworks/FaceCore.framework/Versions/A/FaceCore
0x000000000bf2e000 	/System/Library/PrivateFrameworks/Ubiquity.framework/Versions/A/Ubiquity
0x000000000bf2e000 	/System/Library/PrivateFrameworks/IconServices.framework/Versions/A/IconServices
0x000000000bf2e000 	/System/Library/PrivateFrameworks/ChunkingLibrary.framework/Versions/A/ChunkingLibrary
0x000000000bf2e000 	/System/Library/PrivateFrameworks/Apple80211.framework/Versions/A/Apple80211
0x000000000bf2e000 	/System/Library/Frameworks/CoreWLAN.framework/Versions/A/CoreWLAN
0x000000000bf2e000 	/System/Library/Frameworks/IOBluetooth.framework/Versions/A/IOBluetooth
0x000000000bf2e000 	/System/Library/PrivateFrameworks/CoreWiFi.framework/Versions/A/CoreWiFi
0x000000000bf2e000 	/System/Library/Frameworks/CoreBluetooth.framework/Versions/A/CoreBluetooth
0x000000000bf2e000 	/System/Library/PrivateFrameworks/DebugSymbols.framework/Versions/A/DebugSymbols
0x000000000bf2e000 	/System/Library/PrivateFrameworks/CoreSymbolication.framework/Versions/A/CoreSymbolication
0x000000000bf2e000 	/System/Library/PrivateFrameworks/Symbolication.framework/Versions/A/Symbolication
0x000000000bf2e000 	/System/Library/PrivateFrameworks/SpeechRecognitionCore.framework/Versions/A/SpeechRecognitionCore
0x0000000109c00000 	/Library/Java/JavaVirtualMachines/jdk1.7.0_67.jdk/Contents/Home/jre/lib/server/libjvm.dylib
0x000000000bf2e000 	/usr/lib/libstdc++.6.dylib
0x0000000109377000 	/Library/Java/JavaVirtualMachines/jdk1.7.0_67.jdk/Contents/Home/jre/lib/libverify.dylib
0x0000000109384000 	/Library/Java/JavaVirtualMachines/jdk1.7.0_67.jdk/Contents/Home/jre/lib/libjava.dylib
0x00000001093b5000 	/Library/Java/JavaVirtualMachines/jdk1.7.0_67.jdk/Contents/Home/jre/lib/libjdwp.dylib
0x00000001093f2000 	/Library/Java/JavaVirtualMachines/jdk1.7.0_67.jdk/Contents/Home/jre/lib/libnpt.dylib
0x000000010a762000 	/Library/Java/JavaVirtualMachines/jdk1.7.0_67.jdk/Contents/Home/jre/lib/libinstrument.dylib
0x000000010a7b3000 	/Library/Java/JavaVirtualMachines/jdk1.7.0_67.jdk/Contents/Home/jre/lib/libzip.dylib
0x0000000118ad4000 	/System/Library/Frameworks/JavaVM.framework/Frameworks/JavaRuntimeSupport.framework/JavaRuntimeSupport
0x0000000118aec000 	/System/Library/Frameworks/JavaVM.framework/Versions/A/Frameworks/JavaNativeFoundation.framework/Versions/A/JavaNativeFoundation
0x0000000118b01000 	/System/Library/Frameworks/JavaVM.framework/Versions/A/JavaVM
0x000000000bf2e000 	/System/Library/Frameworks/Carbon.framework/Versions/A/Carbon
0x0000000118b0e000 	/System/Library/PrivateFrameworks/JavaLaunching.framework/Versions/A/JavaLaunching
0x000000000bf2e000 	/System/Library/Frameworks/Carbon.framework/Versions/A/Frameworks/CommonPanels.framework/Versions/A/CommonPanels
0x000000000bf2e000 	/System/Library/Frameworks/Carbon.framework/Versions/A/Frameworks/Help.framework/Versions/A/Help
0x000000000bf2e000 	/System/Library/Frameworks/Carbon.framework/Versions/A/Frameworks/ImageCapture.framework/Versions/A/ImageCapture
0x000000000bf2e000 	/System/Library/Frameworks/Carbon.framework/Versions/A/Frameworks/OpenScripting.framework/Versions/A/OpenScripting
0x000000000bf2e000 	/System/Library/Frameworks/Carbon.framework/Versions/A/Frameworks/Print.framework/Versions/A/Print
0x000000000bf2e000 	/System/Library/Frameworks/Carbon.framework/Versions/A/Frameworks/SecurityHI.framework/Versions/A/SecurityHI
0x000000011a423000 	/Library/Java/JavaVirtualMachines/jdk1.7.0_67.jdk/Contents/Home/jre/lib/libdt_socket.dylib
0x000000011af90000 	/Library/Java/JavaVirtualMachines/jdk1.7.0_67.jdk/Contents/Home/jre/lib/libprism-es2.dylib
0x000000000bf2e000 	/System/Library/Frameworks/OpenGL.framework/Versions/A/Resources/GLEngine.bundle/GLEngine
0x000000000bf2e000 	/System/Library/Frameworks/OpenGL.framework/Versions/A/Libraries/libGLProgrammability.dylib
0x0000000000000000 	/System/Library/Extensions/AppleIntelHD5000GraphicsGLDriver.bundle/Contents/MacOS/AppleIntelHD5000GraphicsGLDriver
0x000000000bf2e000 	/System/Library/PrivateFrameworks/IOAccelerator.framework/Versions/A/IOAccelerator
0x000000000bf2e000 	/System/Library/PrivateFrameworks/GPUSupport.framework/Versions/A/Libraries/libGPUSupportMercury.dylib
0x000000000bf2e000 	/System/Library/Frameworks/OpenGL.framework/Versions/A/Resources/GLRendererFloat.bundle/GLRendererFloat
0x000000000bf2e000 	/System/Library/Frameworks/OpenCL.framework/Versions/A/Libraries/libcldcpuengine.dylib
0x000000000bf2e000 	/System/Library/PrivateFrameworks/DiskImages.framework/Versions/A/DiskImages
0x000000000bf2e000 	/System/Library/Frameworks/DiscRecording.framework/Versions/A/DiscRecording
0x000000000bf2e000 	/usr/lib/libcsfde.dylib
0x000000000bf2e000 	/usr/lib/libcurl.4.dylib
0x000000000bf2e000 	/System/Library/PrivateFrameworks/MediaKit.framework/Versions/A/MediaKit
0x000000000bf2e000 	/System/Library/PrivateFrameworks/ProtectedCloudStorage.framework/Versions/A/ProtectedCloudStorage
0x000000000bf2e000 	/usr/lib/libCoreStorage.dylib
0x000000000bf2e000 	/System/Library/PrivateFrameworks/EFILogin.framework/Versions/A/EFILogin
0x000000000bf2e000 	/usr/lib/libutil.dylib
0x000000000bf2e000 	/System/Library/PrivateFrameworks/FindMyDevice.framework/Versions/A/FindMyDevice
0x000000000bf2e000 	/System/Library/Frameworks/LDAP.framework/Versions/A/LDAP
0x000000000bf2e000 	/usr/lib/libsasl2.2.dylib
0x000000000bf2e000 	/System/Library/PrivateFrameworks/CoreDaemon.framework/Versions/B/CoreDaemon
0x000000000bf2e000 	/usr/lib/libcrypto.0.9.8.dylib
0x000000000bf2e000 	/System/Library/PrivateFrameworks/AppleSRP.framework/Versions/A/AppleSRP
0x000000000bf2e000 	/System/Library/PrivateFrameworks/TrustEvaluationAgent.framework/Versions/A/TrustEvaluationAgent
0x000000011b58f000 	/Library/Java/JavaVirtualMachines/jdk1.7.0_67.jdk/Contents/Home/jre/lib/libglass.dylib
0x000000000bf2e000 	/System/Library/PrivateFrameworks/CoreServicesInternal.framework/Versions/A/CoreServicesInternal
0x000000000bf2e000 	/System/Library/PrivateFrameworks/CloudDocs.framework/Versions/A/CloudDocs
0x000000000bf2e000 	/System/Library/PrivateFrameworks/CoreDuet.framework/Versions/A/CoreDuet
0x000000000bf2e000 	/System/Library/Frameworks/CloudKit.framework/Versions/A/CloudKit
0x000000000bf2e000 	/System/Library/PrivateFrameworks/ProtocolBuffer.framework/Versions/A/ProtocolBuffer
0x000000000bf2e000 	/System/Library/PrivateFrameworks/CoreDuetDaemonProtocol.framework/Versions/A/CoreDuetDaemonProtocol
0x000000000bf2e000 	/System/Library/PrivateFrameworks/CoreDuetDebugLogging.framework/Versions/A/CoreDuetDebugLogging
0x000000000bf2e000 	/System/Library/Frameworks/CoreLocation.framework/Versions/A/CoreLocation
0x000000000bf2e000 	/System/Library/Frameworks/Accounts.framework/Versions/A/Accounts
0x000000000bf2e000 	/System/Library/PrivateFrameworks/ApplePushService.framework/Versions/A/ApplePushService
0x000000000bf2e000 	/System/Library/PrivateFrameworks/GeoServices.framework/Versions/A/GeoServices
0x000000000bf2e000 	/System/Library/PrivateFrameworks/OAuth.framework/Versions/A/OAuth
0x000000000bf2e000 	/System/Library/Frameworks/CoreGraphics.framework/Versions/A/Resources/libCGCMS.A.dylib
0x000000000bf2e000 	/System/Library/CoreServices/RawCamera.bundle/Contents/MacOS/RawCamera
0x000000000bf2e000 	/System/Library/Frameworks/CoreGraphics.framework/Versions/A/Resources/libRIP.A.dylib
0x000000000bf2e000 	/System/Library/PrivateFrameworks/FamilyControls.framework/Versions/A/FamilyControls
0x000000000bf2e000 	/System/Library/PrivateFrameworks/CommerceKit.framework/Versions/A/Frameworks/CommerceCore.framework/Versions/A/CommerceCore
0x000000000bf2e000 	/System/Library/PrivateFrameworks/SystemAdministration.framework/Versions/A/SystemAdministration
0x000000000bf2e000 	/System/Library/PrivateFrameworks/AppContainer.framework/Versions/A/AppContainer
0x000000000bf2e000 	/System/Library/PrivateFrameworks/SecCodeWrapper.framework/Versions/A/SecCodeWrapper
0x000000000bf2e000 	/System/Library/Frameworks/DirectoryService.framework/Versions/A/DirectoryService
0x000000000bf2e000 	/System/Library/PrivateFrameworks/LoginUIKit.framework/Versions/A/Frameworks/LoginUICore.framework/Versions/A/LoginUICore
0x000000000bf2e000 	/usr/lib/libodfde.dylib
0x000000011e9dc000 	/Library/Java/JavaVirtualMachines/jdk1.7.0_67.jdk/Contents/Home/jre/lib/libnet.dylib
0x000000011e9f1000 	/Library/Java/JavaVirtualMachines/jdk1.7.0_67.jdk/Contents/Home/jre/lib/libnio.dylib
0x000000000bf2e000 	/System/Library/Frameworks/CoreGraphics.framework/Versions/A/Resources/libCGXType.A.dylib
0x0000000118beb000 	cl_kernels
0x0000000121522000 	/System/Library/Frameworks/OpenCL.framework/Versions/A/Libraries/ImageFormats/unorm8_bgra.dylib
0x0000000118bdc000 	cl_kernels

VM Arguments:
jvm_args: -agentlib:jdwp=transport=dt_socket,address=127.0.0.1:64872,suspend=y,server=n -javaagent:/Users/mk/Library/Caches/IdeaIC13/groovyHotSwap/gragent.jar -Dfile.encoding=UTF-8 
java_command: com.melvinkellner.musicplayer.Main
Launcher Type: SUN_STANDARD

Environment Variables:
PATH=/usr/local/bin:/usr/bin:/bin:/usr/sbin:/sbin:/opt/X11/bin:/usr/local/git/bin
SHELL=/bin/bash
DISPLAY=/private/tmp/com.apple.launchd.TCOHpC87xw/org.macosforge.xquartz:0

Signal Handlers:
SIGSEGV: [libjvm.dylib+0x52b6c9], sa_mask[0]=0xfffefeff, sa_flags=0x00000043
SIGBUS: [libjvm.dylib+0x52b6c9], sa_mask[0]=0xfffefeff, sa_flags=0x00000042
SIGFPE: [libjvm.dylib+0x41deaa], sa_mask[0]=0xfffefeff, sa_flags=0x00000042
SIGPIPE: [libjvm.dylib+0x41deaa], sa_mask[0]=0xfffefeff, sa_flags=0x00000042
SIGXFSZ: [libjvm.dylib+0x41deaa], sa_mask[0]=0xfffefeff, sa_flags=0x00000042
SIGILL: [libjvm.dylib+0x41deaa], sa_mask[0]=0xfffefeff, sa_flags=0x00000042
SIGUSR1: SIG_DFL, sa_mask[0]=0x00000000, sa_flags=0x00000000
SIGUSR2: [libjvm.dylib+0x41d99c], sa_mask[0]=0x00000004, sa_flags=0x00000042
SIGHUP: [libjvm.dylib+0x41bc2d], sa_mask[0]=0xfffefeff, sa_flags=0x00000042
SIGINT: [libjvm.dylib+0x41bc2d], sa_mask[0]=0xfffefeff, sa_flags=0x00000042
SIGTERM: [libjvm.dylib+0x41bc2d], sa_mask[0]=0xfffefeff, sa_flags=0x00000042
SIGQUIT: [libjvm.dylib+0x41bc2d], sa_mask[0]=0xfffefeff, sa_flags=0x00000042


---------------  S Y S T E M  ---------------

OS:Bsduname:Darwin 14.0.0 Darwin Kernel Version 14.0.0: Fri Sep 19 00:26:44 PDT 2014; root:xnu-2782.1.97~2/RELEASE_X86_64 x86_64
rlimit: STACK 8192k, CORE 0k, NPROC 709, NOFILE 10240, AS infinity
load average:3.90 2.69 2.31

CPU:total 4 (2 cores per cpu, 2 threads per core) family 6 model 69 stepping 1, cmov, cx8, fxsr, mmx, sse, sse2, sse3, ssse3, sse4.1, sse4.2, popcnt, avx, avx2, aes, erms, ht, tsc, tscinvbit

Memory: 4k page, physical 16777216k(4194304k free)

/proc/meminfo:


vm_info: Java HotSpot(TM) 64-Bit Server VM (24.65-b04) for bsd-amd64 JRE (1.7.0_67-b01), built on Jul 25 2014 08:51:51 by "java_re" with gcc 4.2.1 (Based on Apple Inc. build 5658) (LLVM build 2336.11.00)

time: Thu Nov 27 11:28:24 2014
elapsed time: 35 seconds

