#
# A fatal error has been detected by the Java Runtime Environment:
#
#  SIGSEGV (0xb) at pc=0x000000011a01c8e3, pid=21053, tid=1299
#
# JRE version: Java(TM) SE Runtime Environment (7.0_67-b01) (build 1.7.0_67-b01)
# Java VM: Java HotSpot(TM) 64-Bit Server VM (24.65-b04 mixed mode bsd-amd64 compressed oops)
# Problematic frame:
# C  [libglass.dylib+0x158e3]  GlassScreenDidChangeScreenParameters+0x13
#
# Failed to write core dump. Core dumps have been disabled. To enable core dumping, try "ulimit -c unlimited" before starting Java again
#
# If you would like to submit a bug report, please visit:
#   http://bugreport.sun.com/bugreport/crash.jsp
#

---------------  T H R E A D  ---------------

Current thread is native thread

siginfo:si_signo=SIGSEGV: si_errno=0, si_code=1 (SEGV_MAPERR), si_addr=0x0000000000000000

Registers:
RAX=0x00000000000000b1, RBX=0x0000000000000000, RCX=0x7300a0f3337bc560, RDX=0x00007fff7db4d1f8
RSP=0x00007fff57cd2800, RBP=0x00007fff57cd2810, RSI=0x0000010000000100, RDI=0x0000000000000000
R8 =0x00007fff57cd26a0, R9 =0x00007fff7cb67300, R10=0x0000000000000000, R11=0x0000000000000246
R12=0x00007fd99160a550, R13=0x00000000000f4268, R14=0x00007fd9917203d0, R15=0x00007fff57cd2950
RIP=0x000000011a01c8e3, EFLAGS=0x0000000000010206, ERR=0x0000000000000004
  TRAPNO=0x000000000000000e

Top of Stack: (sp=0x00007fff57cd2800)
0x00007fff57cd2800:   00007fff57cd29e0 00007fd99160a550
0x00007fff57cd2810:   00007fff57cd2820 00007fff93986cbc
0x00007fff57cd2820:   00007fff57cd2b80 00007fff938781b4
0x00007fff57cd2830:   00007fd991a61000 0000000000000a00
0x00007fff57cd2840:   0000000107f44000 00007fd993bfc080
0x00007fff57cd2850:   0000000000001001 0000000000000900
0x00007fff57cd2860:   0000000000000004 00007fd9917203d0
0x00007fff57cd2870:   0000000000000000 00007fff57cd2950
0x00007fff57cd2880:   0000000000000000 00007fd991720310
0x00007fff57cd2890:   00007fff57cd29d0 0000000000000060
0x00007fff57cd28a0:   00000000000f4323 00007fd99153e6b0
0x00007fff57cd28b0:   00007fd991447b60 00007fd99160a550
0x00007fff57cd28c0:   0000000000000001 00000000000f4268
0x00007fff57cd28d0:   00007fd99160a540 00007fff98793acb
0x00007fff57cd28e0:   0000000000000001 0000000000000001
0x00007fff57cd28f0:   0000000000000030 0000000000000001
0x00007fff57cd2900:   00007fff57cd2920 00007fff98799231
0x00007fff57cd2910:   00007fff7d3cfdd0 0000000000000000
0x00007fff57cd2920:   00007fff57cd2940 000000000000001e
0x00007fff57cd2930:   0001ec0300000000 00007fd99160a574
0x00007fff57cd2940:   0000000000000000 00007fff9386dc8f
0x00007fff57cd2950:   00007fd9917203d0 00007fff7d3cfdd0
0x00007fff57cd2960:   00007fff57cd29e0 00007fff938767bf
0x00007fff57cd2970:   00007fff57cd29e4 00000000004ba101
0x00007fff57cd2980:   0000000107f47a00 0000000000000002
0x00007fff57cd2990:   0000000107f44000 00007fd991567cf2
0x00007fff57cd29a0:   0000000000000003 0000000107f48400
0x00007fff57cd29b0:   00007fff57cd2aa0 00007fff987922a2
0x00007fff57cd29c0:   00007fd9914476d0 00007fff57cd2b88
0x00007fff57cd29d0:   0000000000000017 0000000000000000
0x00007fff57cd29e0:   00000000000f4268 00007fff9386df83
0x00007fff57cd29f0:   00007fff00000000 00007fd99144d9b0 

Instructions: (pc=0x000000011a01c8e3)
0x000000011a01c8c3:   90 90 90 90 90 90 90 90 90 90 90 90 90 55 48 89
0x000000011a01c8d3:   e5 48 89 5d f0 4c 89 65 f8 48 83 ec 10 48 89 fb
0x000000011a01c8e3:   48 8b 07 4c 8d 25 bb 49 03 00 48 8d 0d dc 75 01
0x000000011a01c8f3:   00 48 8d 15 09 c9 01 00 49 8b 34 24 ff 90 88 03 

Register to memory mapping:

RAX=0x00000000000000b1 is an unknown value
RBX=0x0000000000000000 is an unknown value
RCX=0x7300a0f3337bc560 is an unknown value
RDX=0x00007fff7db4d1f8: __sFX+0x1c8 in /usr/lib/system/libsystem_c.dylib at 0x00007fff978be000
RSP=0x00007fff57cd2800 is an unknown value
RBP=0x00007fff57cd2810 is an unknown value
RSI=0x0000010000000100 is an unknown value
RDI=0x0000000000000000 is an unknown value
R8 =0x00007fff57cd26a0 is an unknown value
R9 =0x00007fff7cb67300: _thread+0 in /usr/lib/system/libsystem_pthread.dylib at 0x00007fff900e2000
R10=0x0000000000000000 is an unknown value
R11=0x0000000000000246 is an unknown value
R12=0x00007fd99160a550 is an unknown value
R13=0x00000000000f4268 is an unknown value
R14=0x00007fd9917203d0 is an unknown value
R15=0x00007fff57cd2950 is an unknown value


Stack: [0x00007fff57c56000,0x00007fff57cd6000],  sp=0x00007fff57cd2800,  free space=498k
Native frames: (J=compiled Java code, j=interpreted, Vv=VM code, C=native code)
C  [libglass.dylib+0x158e3]  GlassScreenDidChangeScreenParameters+0x13
C  [CoreFoundation+0x11ecbc]  __CFNOTIFICATIONCENTER_IS_CALLING_OUT_TO_AN_OBSERVER__+0xc
C  [CoreFoundation+0x101b4]  _CFXNotificationPost+0xc44
C  [Foundation+0x2ea1]  -[NSNotificationCenter postNotificationName:object:userInfo:]+0x42
C  [AppKit+0x362dee]  -[NSApplication _reactToScreenInvalidationImmediately:]+0x17b
C  [AppKit+0x362c2d]  __44-[NSApplication _reactToScreenInvalidation:]_block_invoke+0x4b
C  [CoreFoundation+0x8054c]  __CFRUNLOOP_IS_CALLING_OUT_TO_A_BLOCK__+0xc
C  [CoreFoundation+0x72655]  __CFRunLoopDoBlocks+0x155
C  [CoreFoundation+0x72196]  __CFRunLoopRun+0x716
C  [CoreFoundation+0x71838]  CFRunLoopRunSpecific+0x128
C  [java+0x73b0]  CreateExecutionEnvironment+0x367
C  [java+0x1b5c]  JLI_Launch+0x7a0
C  [java+0x770d]  main+0x65
C  [java+0x13b4]  start+0x34


---------------  P R O C E S S  ---------------

VM state:not at safepoint (normal execution)

VM Mutex/Monitor currently owned by a thread: None

Heap
 PSYoungGen      total 76800K, used 31228K [0x00000007aaa80000, 0x00000007b0000000, 0x0000000800000000)
  eden space 66048K, 42% used [0x00000007aaa80000,0x00000007ac5b0190,0x00000007aeb00000)
  from space 10752K, 31% used [0x00000007af580000,0x00000007af8cf060,0x00000007b0000000)
  to   space 10752K, 0% used [0x00000007aeb00000,0x00000007aeb00000,0x00000007af580000)
 ParOldGen       total 174592K, used 16K [0x0000000700000000, 0x000000070aa80000, 0x00000007aaa80000)
  object space 174592K, 0% used [0x0000000700000000,0x0000000700004000,0x000000070aa80000)
 PSPermGen       total 21504K, used 16068K [0x00000006fae00000, 0x00000006fc300000, 0x0000000700000000)
  object space 21504K, 74% used [0x00000006fae00000,0x00000006fbdb1398,0x00000006fc300000)

Card table byte_map: [0x000000010c51f000,0x000000010cd49000] byte_map_base: 0x0000000108d48000

Polling page: 0x000000010817f000

Code Cache  [0x000000010945f000, 0x00000001096cf000, 0x000000010c45f000)
 total_blobs=675 nmethods=201 adapters=428 free_code_cache=48175Kb largest_free_block=49308992

Compilation events (10 events):
Event: 227.373 Thread 0x00007fd992826000 nmethod 208 0x000000010953e210 code [0x000000010953e360, 0x000000010953e438]
Event: 227.373 Thread 0x00007fd992826000  209             org.h2.mvstore.Chunk::fromString (163 bytes)
Event: 227.375 Thread 0x00007fd992826000 nmethod 209 0x000000010953ef90 code [0x000000010953f1a0, 0x000000010953f4e8]
Event: 227.375 Thread 0x00007fd992826000  210             org.h2.mvstore.MVStore::readPage (139 bytes)
Event: 227.383 Thread 0x00007fd99184b000 nmethod 207 0x000000010953a950 code [0x000000010953ab40, 0x000000010953b1f0]
Event: 227.383 Thread 0x00007fd992826000 nmethod 210 0x0000000109539990 code [0x0000000109539b60, 0x000000010953a150]
Event: 264.319 Thread 0x00007fd99184b000  211             java.util.ArrayList$Itr::<init> (6 bytes)
Event: 264.319 Thread 0x00007fd992826000  212             java.util.ArrayList$Itr::<init> (26 bytes)
Event: 264.319 Thread 0x00007fd992826000 nmethod 212 0x000000010953bf10 code [0x000000010953c040, 0x000000010953c0d8]
Event: 264.319 Thread 0x00007fd99184b000 nmethod 211 0x000000010953bc90 code [0x000000010953bdc0, 0x000000010953be58]

GC Heap History (4 events):
Event: 16.149 GC heap before
{Heap before GC invocations=1 (full 0):
 PSYoungGen      total 76800K, used 66048K [0x00000007aaa80000, 0x00000007b0000000, 0x0000000800000000)
  eden space 66048K, 100% used [0x00000007aaa80000,0x00000007aeb00000,0x00000007aeb00000)
  from space 10752K, 0% used [0x00000007af580000,0x00000007af580000,0x00000007b0000000)
  to   space 10752K, 0% used [0x00000007aeb00000,0x00000007aeb00000,0x00000007af580000)
 ParOldGen       total 174592K, used 0K [0x0000000700000000, 0x000000070aa80000, 0x00000007aaa80000)
  object space 174592K, 0% used [0x0000000700000000,0x0000000700000000,0x000000070aa80000)
 PSPermGen       total 21504K, used 15926K [0x00000006fae00000, 0x00000006fc300000, 0x0000000700000000)
  object space 21504K, 74% used [0x00000006fae00000,0x00000006fbd8d8a0,0x00000006fc300000)
Event: 16.159 GC heap after
Heap after GC invocations=1 (full 0):
 PSYoungGen      total 76800K, used 6587K [0x00000007aaa80000, 0x00000007b0000000, 0x0000000800000000)
  eden space 66048K, 0% used [0x00000007aaa80000,0x00000007aaa80000,0x00000007aeb00000)
  from space 10752K, 61% used [0x00000007aeb00000,0x00000007af16ef68,0x00000007af580000)
  to   space 10752K, 0% used [0x00000007af580000,0x00000007af580000,0x00000007b0000000)
 ParOldGen       total 174592K, used 8K [0x0000000700000000, 0x000000070aa80000, 0x00000007aaa80000)
  object space 174592K, 0% used [0x0000000700000000,0x0000000700002000,0x000000070aa80000)
 PSPermGen       total 21504K, used 15926K [0x00000006fae00000, 0x00000006fc300000, 0x0000000700000000)
  object space 21504K, 74% used [0x00000006fae00000,0x00000006fbd8d8a0,0x00000006fc300000)
}
Event: 190.668 GC heap before
{Heap before GC invocations=2 (full 0):
 PSYoungGen      total 76800K, used 72635K [0x00000007aaa80000, 0x00000007b0000000, 0x0000000800000000)
  eden space 66048K, 100% used [0x00000007aaa80000,0x00000007aeb00000,0x00000007aeb00000)
  from space 10752K, 61% used [0x00000007aeb00000,0x00000007af16ef68,0x00000007af580000)
  to   space 10752K, 0% used [0x00000007af580000,0x00000007af580000,0x00000007b0000000)
 ParOldGen       total 174592K, used 8K [0x0000000700000000, 0x000000070aa80000, 0x00000007aaa80000)
  object space 174592K, 0% used [0x0000000700000000,0x0000000700002000,0x000000070aa80000)
 PSPermGen       total 21504K, used 16018K [0x00000006fae00000, 0x00000006fc300000, 0x0000000700000000)
  object space 21504K, 74% used [0x00000006fae00000,0x00000006fbda48c0,0x00000006fc300000)
Event: 190.679 GC heap after
Heap after GC invocations=2 (full 0):
 PSYoungGen      total 76800K, used 3388K [0x00000007aaa80000, 0x00000007b0000000, 0x0000000800000000)
  eden space 66048K, 0% used [0x00000007aaa80000,0x00000007aaa80000,0x00000007aeb00000)
  from space 10752K, 31% used [0x00000007af580000,0x00000007af8cf060,0x00000007b0000000)
  to   space 10752K, 0% used [0x00000007aeb00000,0x00000007aeb00000,0x00000007af580000)
 ParOldGen       total 174592K, used 16K [0x0000000700000000, 0x000000070aa80000, 0x00000007aaa80000)
  object space 174592K, 0% used [0x0000000700000000,0x0000000700004000,0x000000070aa80000)
 PSPermGen       total 21504K, used 16018K [0x00000006fae00000, 0x00000006fc300000, 0x0000000700000000)
  object space 21504K, 74% used [0x00000006fae00000,0x00000006fbda48c0,0x00000006fc300000)
}

Deoptimization events (10 events):
Event: 0.728 Thread 0x00007fd99204d000 Uncommon trap: reason=class_check action=maybe_recompile pc=0x00000001094d74b8 method=sun.misc.URLClassPath.getLoader(I)Lsun/misc/URLClassPath$Loader; @ 150
Event: 0.728 Thread 0x00007fd99204d000 Uncommon trap: reason=unreached action=reinterpret pc=0x00000001094dbf5c method=sun.misc.URLClassPath$JarLoader.ensureOpen()V @ 4
Event: 0.729 Thread 0x00007fd99204d000 Uncommon trap: reason=class_check action=maybe_recompile pc=0x00000001094d74b8 method=sun.misc.URLClassPath.getLoader(I)Lsun/misc/URLClassPath$Loader; @ 150
Event: 0.806 Thread 0x00007fd99204d000 Uncommon trap: reason=class_check action=maybe_recompile pc=0x00000001094e686c method=sun.misc.URLClassPath.getLoader(I)Lsun/misc/URLClassPath$Loader; @ 150
Event: 0.808 Thread 0x00007fd99204d000 Uncommon trap: reason=class_check action=maybe_recompile pc=0x00000001094d74b8 method=sun.misc.URLClassPath.getLoader(I)Lsun/misc/URLClassPath$Loader; @ 150
Event: 0.815 Thread 0x00007fd99204d000 Uncommon trap: reason=bimorphic action=maybe_recompile pc=0x00000001094d1a94 method=java.util.HashMap.getEntry(Ljava/lang/Object;)Ljava/util/HashMap$Entry; @ 68
Event: 0.815 Thread 0x00007fd99204d000 Uncommon trap: reason=bimorphic action=maybe_recompile pc=0x00000001094d1a94 method=java.util.HashMap.getEntry(Ljava/lang/Object;)Ljava/util/HashMap$Entry; @ 68
Event: 0.854 Thread 0x00007fd99204d000 Uncommon trap: reason=bimorphic action=maybe_recompile pc=0x00000001094d1a94 method=java.util.HashMap.getEntry(Ljava/lang/Object;)Ljava/util/HashMap$Entry; @ 68
Event: 0.855 Thread 0x00007fd99204d000 Uncommon trap: reason=bimorphic action=maybe_recompile pc=0x00000001094d1a94 method=java.util.HashMap.getEntry(Ljava/lang/Object;)Ljava/util/HashMap$Entry; @ 68
Event: 1.321 Thread 0x00007fd99204d000 Uncommon trap: reason=unreached action=reinterpret pc=0x00000001094df024 method=java.util.HashMap.get(Ljava/lang/Object;)Ljava/lang/Object; @ 1

Internal exceptions (10 events):
Event: 263.736 Thread 0x00007fd99204d000 Threw 0x00000007abae62c0 at /HUDSON/workspace/7u-2-build-macosx-x86_64/jdk7u67/1368/hotspot/src/share/vm/prims/jvm.cpp:1244
Event: 263.737 Thread 0x00007fd99204d000 Threw 0x00000007abaec730 at /HUDSON/workspace/7u-2-build-macosx-x86_64/jdk7u67/1368/hotspot/src/share/vm/prims/jvm.cpp:1244
Event: 263.739 Thread 0x00007fd99204d000 Threw 0x00000007abaf0580 at /HUDSON/workspace/7u-2-build-macosx-x86_64/jdk7u67/1368/hotspot/src/share/vm/prims/jvm.cpp:1244
Event: 263.741 Thread 0x00007fd99204d000 Threw 0x00000007abaf4498 at /HUDSON/workspace/7u-2-build-macosx-x86_64/jdk7u67/1368/hotspot/src/share/vm/prims/jvm.cpp:1244
Event: 264.458 Thread 0x00007fd99204d000 Threw 0x00000007abaf93f0 at /HUDSON/workspace/7u-2-build-macosx-x86_64/jdk7u67/1368/hotspot/src/share/vm/prims/jvm.cpp:1244
Event: 264.462 Thread 0x00007fd99204d000 Threw 0x00000007abafd340 at /HUDSON/workspace/7u-2-build-macosx-x86_64/jdk7u67/1368/hotspot/src/share/vm/prims/jvm.cpp:1244
Event: 264.466 Thread 0x00007fd9928a6000 Threw 0x00000007ac047bb8 at /HUDSON/workspace/7u-2-build-macosx-x86_64/jdk7u67/1368/hotspot/src/share/vm/prims/jvm.cpp:1244
Event: 264.466 Thread 0x00007fd9928a6000 Threw 0x00000007ac04bf70 at /HUDSON/workspace/7u-2-build-macosx-x86_64/jdk7u67/1368/hotspot/src/share/vm/prims/jvm.cpp:1244
Event: 264.466 Thread 0x00007fd9928a6000 Threw 0x00000007ac04fdb8 at /HUDSON/workspace/7u-2-build-macosx-x86_64/jdk7u67/1368/hotspot/src/share/vm/prims/jvm.cpp:1244
Event: 264.467 Thread 0x00007fd99204d000 Threw 0x00000007abb01998 at /HUDSON/workspace/7u-2-build-macosx-x86_64/jdk7u67/1368/hotspot/src/share/vm/prims/jvm.cpp:1244

Events (10 events):
Event: 264.467 loading class 0x00000001161dd280
Event: 264.467 loading class 0x00000001161dd280 done
Event: 264.467 loading class 0x00007fd991435c20
Event: 264.467 loading class 0x00007fd991435c20 done
Event: 264.468 Thread 0x00007fd9928a6000 Thread exited: 0x00007fd9928a6000
Event: 264.468 Thread 0x00007fd992006000 Thread exited: 0x00007fd992006000
Event: 264.468 Thread 0x00007fd992006000 Thread added: 0x00007fd992006000
Event: 264.468 Thread 0x00007fd993037800 Thread exited: 0x00007fd993037800
Event: 264.471 Thread 0x00007fd992921800 Thread exited: 0x00007fd992921800
Event: 264.488 Thread 0x00007fd99204d000 Thread exited: 0x00007fd99204d000


Dynamic libraries:
0x000000000bf2e000 	/System/Library/Frameworks/Cocoa.framework/Versions/A/Cocoa
0x000000000bf2e000 	/System/Library/Frameworks/Security.framework/Versions/A/Security
0x000000000bf2e000 	/System/Library/Frameworks/ApplicationServices.framework/Versions/A/ApplicationServices
0x000000000bf2e000 	/usr/lib/libz.1.dylib
0x000000000bf2e000 	/usr/lib/libSystem.B.dylib
0x000000000bf2e000 	/usr/lib/libobjc.A.dylib
0x000000000bf2e000 	/System/Library/Frameworks/CoreFoundation.framework/Versions/A/CoreFoundation
0x000000000bf2e000 	/System/Library/Frameworks/Foundation.framework/Versions/C/Foundation
0x000000000bf2e000 	/System/Library/Frameworks/AppKit.framework/Versions/C/AppKit
0x000000000bf2e000 	/System/Library/Frameworks/CoreData.framework/Versions/A/CoreData
0x000000000bf2e000 	/System/Library/PrivateFrameworks/RemoteViewServices.framework/Versions/A/RemoteViewServices
0x000000000bf2e000 	/System/Library/PrivateFrameworks/UIFoundation.framework/Versions/A/UIFoundation
0x000000000bf2e000 	/System/Library/Frameworks/IOSurface.framework/Versions/A/IOSurface
0x000000000bf2e000 	/System/Library/Frameworks/AudioToolbox.framework/Versions/A/AudioToolbox
0x000000000bf2e000 	/System/Library/Frameworks/AudioUnit.framework/Versions/A/AudioUnit
0x000000000bf2e000 	/System/Library/PrivateFrameworks/DataDetectorsCore.framework/Versions/A/DataDetectorsCore
0x000000000bf2e000 	/System/Library/PrivateFrameworks/DesktopServicesPriv.framework/Versions/A/DesktopServicesPriv
0x000000000bf2e000 	/System/Library/Frameworks/Carbon.framework/Versions/A/Frameworks/HIToolbox.framework/Versions/A/HIToolbox
0x000000000bf2e000 	/System/Library/Frameworks/QuartzCore.framework/Versions/A/QuartzCore
0x000000000bf2e000 	/System/Library/Frameworks/Carbon.framework/Versions/A/Frameworks/SpeechRecognition.framework/Versions/A/SpeechRecognition
0x000000000bf2e000 	/usr/lib/libauto.dylib
0x000000000bf2e000 	/usr/lib/libicucore.A.dylib
0x000000000bf2e000 	/usr/lib/libxml2.2.dylib
0x000000000bf2e000 	/System/Library/PrivateFrameworks/CoreUI.framework/Versions/A/CoreUI
0x000000000bf2e000 	/System/Library/Frameworks/CoreAudio.framework/Versions/A/CoreAudio
0x000000000bf2e000 	/System/Library/Frameworks/DiskArbitration.framework/Versions/A/DiskArbitration
0x000000000bf2e000 	/usr/lib/liblangid.dylib
0x000000000bf2e000 	/System/Library/PrivateFrameworks/MultitouchSupport.framework/Versions/A/MultitouchSupport
0x000000000bf2e000 	/System/Library/Frameworks/IOKit.framework/Versions/A/IOKit
0x000000000bf2e000 	/usr/lib/libDiagnosticMessagesClient.dylib
0x000000000bf2e000 	/System/Library/Frameworks/CoreServices.framework/Versions/A/CoreServices
0x000000000bf2e000 	/System/Library/PrivateFrameworks/PerformanceAnalysis.framework/Versions/A/PerformanceAnalysis
0x000000000bf2e000 	/System/Library/PrivateFrameworks/GenerationalStorage.framework/Versions/A/GenerationalStorage
0x000000000bf2e000 	/System/Library/Frameworks/OpenGL.framework/Versions/A/OpenGL
0x000000000bf2e000 	/System/Library/PrivateFrameworks/Sharing.framework/Versions/A/Sharing
0x000000000bf2e000 	/System/Library/Frameworks/CoreGraphics.framework/Versions/A/CoreGraphics
0x000000000bf2e000 	/System/Library/Frameworks/CoreText.framework/Versions/A/CoreText
0x000000000bf2e000 	/System/Library/Frameworks/ImageIO.framework/Versions/A/ImageIO
0x000000000bf2e000 	/usr/lib/libextension.dylib
0x000000000bf2e000 	/System/Library/PrivateFrameworks/Backup.framework/Versions/A/Backup
0x000000000bf2e000 	/usr/lib/libarchive.2.dylib
0x000000000bf2e000 	/System/Library/Frameworks/CFNetwork.framework/Versions/A/CFNetwork
0x000000000bf2e000 	/System/Library/Frameworks/SystemConfiguration.framework/Versions/A/SystemConfiguration
0x000000000bf2e000 	/usr/lib/libCRFSuite.dylib
0x000000000bf2e000 	/usr/lib/libc++.1.dylib
0x000000000bf2e000 	/usr/lib/libc++abi.dylib
0x000000000bf2e000 	/usr/lib/system/libcache.dylib
0x000000000bf2e000 	/usr/lib/system/libcommonCrypto.dylib
0x000000000bf2e000 	/usr/lib/system/libcompiler_rt.dylib
0x000000000bf2e000 	/usr/lib/system/libcopyfile.dylib
0x000000000bf2e000 	/usr/lib/system/libcorecrypto.dylib
0x000000000bf2e000 	/usr/lib/system/libdispatch.dylib
0x000000000bf2e000 	/usr/lib/system/libdyld.dylib
0x000000000bf2e000 	/usr/lib/system/libkeymgr.dylib
0x000000000bf2e000 	/usr/lib/system/liblaunch.dylib
0x000000000bf2e000 	/usr/lib/system/libmacho.dylib
0x000000000bf2e000 	/usr/lib/system/libquarantine.dylib
0x000000000bf2e000 	/usr/lib/system/libremovefile.dylib
0x000000000bf2e000 	/usr/lib/system/libsystem_asl.dylib
0x000000000bf2e000 	/usr/lib/system/libsystem_blocks.dylib
0x000000000bf2e000 	/usr/lib/system/libsystem_c.dylib
0x000000000bf2e000 	/usr/lib/system/libsystem_configuration.dylib
0x000000000bf2e000 	/usr/lib/system/libsystem_coreservices.dylib
0x000000000bf2e000 	/usr/lib/system/libsystem_coretls.dylib
0x000000000bf2e000 	/usr/lib/system/libsystem_dnssd.dylib
0x000000000bf2e000 	/usr/lib/system/libsystem_info.dylib
0x000000000bf2e000 	/usr/lib/system/libsystem_kernel.dylib
0x000000000bf2e000 	/usr/lib/system/libsystem_m.dylib
0x000000000bf2e000 	/usr/lib/system/libsystem_malloc.dylib
0x000000000bf2e000 	/usr/lib/system/libsystem_network.dylib
0x000000000bf2e000 	/usr/lib/system/libsystem_networkextension.dylib
0x000000000bf2e000 	/usr/lib/system/libsystem_notify.dylib
0x000000000bf2e000 	/usr/lib/system/libsystem_platform.dylib
0x000000000bf2e000 	/usr/lib/system/libsystem_pthread.dylib
0x000000000bf2e000 	/usr/lib/system/libsystem_sandbox.dylib
0x000000000bf2e000 	/usr/lib/system/libsystem_secinit.dylib
0x000000000bf2e000 	/usr/lib/system/libsystem_stats.dylib
0x000000000bf2e000 	/usr/lib/system/libsystem_trace.dylib
0x000000000bf2e000 	/usr/lib/system/libunc.dylib
0x000000000bf2e000 	/usr/lib/system/libunwind.dylib
0x000000000bf2e000 	/usr/lib/system/libxpc.dylib
0x000000000bf2e000 	/usr/lib/libbz2.1.0.dylib
0x000000000bf2e000 	/usr/lib/liblzma.5.dylib
0x000000000bf2e000 	/usr/lib/libbsm.0.dylib
0x000000000bf2e000 	/usr/lib/libsqlite3.dylib
0x000000000bf2e000 	/usr/lib/system/libkxld.dylib
0x000000000bf2e000 	/usr/lib/libxar.1.dylib
0x000000000bf2e000 	/usr/lib/libpam.2.dylib
0x000000000bf2e000 	/usr/lib/libOpenScriptingUtil.dylib
0x000000000bf2e000 	/System/Library/Frameworks/CoreServices.framework/Versions/A/Frameworks/FSEvents.framework/Versions/A/FSEvents
0x000000000bf2e000 	/System/Library/Frameworks/CoreServices.framework/Versions/A/Frameworks/CarbonCore.framework/Versions/A/CarbonCore
0x000000000bf2e000 	/System/Library/Frameworks/CoreServices.framework/Versions/A/Frameworks/Metadata.framework/Versions/A/Metadata
0x000000000bf2e000 	/System/Library/Frameworks/CoreServices.framework/Versions/A/Frameworks/OSServices.framework/Versions/A/OSServices
0x000000000bf2e000 	/System/Library/Frameworks/CoreServices.framework/Versions/A/Frameworks/SearchKit.framework/Versions/A/SearchKit
0x000000000bf2e000 	/System/Library/Frameworks/CoreServices.framework/Versions/A/Frameworks/AE.framework/Versions/A/AE
0x000000000bf2e000 	/System/Library/Frameworks/CoreServices.framework/Versions/A/Frameworks/LaunchServices.framework/Versions/A/LaunchServices
0x000000000bf2e000 	/System/Library/Frameworks/CoreServices.framework/Versions/A/Frameworks/DictionaryServices.framework/Versions/A/DictionaryServices
0x000000000bf2e000 	/System/Library/Frameworks/NetFS.framework/Versions/A/NetFS
0x000000000bf2e000 	/System/Library/PrivateFrameworks/NetAuth.framework/Versions/A/NetAuth
0x000000000bf2e000 	/System/Library/PrivateFrameworks/login.framework/Versions/A/Frameworks/loginsupport.framework/Versions/A/loginsupport
0x000000000bf2e000 	/System/Library/PrivateFrameworks/TCC.framework/Versions/A/TCC
0x000000000bf2e000 	/usr/lib/libmecabra.dylib
0x000000000bf2e000 	/System/Library/PrivateFrameworks/LanguageModeling.framework/Versions/A/LanguageModeling
0x000000000bf2e000 	/usr/lib/libcmph.dylib
0x000000000bf2e000 	/usr/lib/libiconv.2.dylib
0x000000000bf2e000 	/System/Library/Frameworks/OpenDirectory.framework/Versions/A/Frameworks/CFOpenDirectory.framework/Versions/A/CFOpenDirectory
0x000000000bf2e000 	/System/Library/Frameworks/ServiceManagement.framework/Versions/A/ServiceManagement
0x000000000bf2e000 	/usr/lib/libxslt.1.dylib
0x000000000bf2e000 	/System/Library/Frameworks/Carbon.framework/Versions/A/Frameworks/Ink.framework/Versions/A/Ink
0x000000000bf2e000 	/System/Library/Frameworks/ApplicationServices.framework/Versions/A/Frameworks/ATS.framework/Versions/A/ATS
0x000000000bf2e000 	/System/Library/Frameworks/ApplicationServices.framework/Versions/A/Frameworks/ColorSync.framework/Versions/A/ColorSync
0x000000000bf2e000 	/System/Library/Frameworks/ApplicationServices.framework/Versions/A/Frameworks/HIServices.framework/Versions/A/HIServices
0x000000000bf2e000 	/System/Library/Frameworks/ApplicationServices.framework/Versions/A/Frameworks/LangAnalysis.framework/Versions/A/LangAnalysis
0x000000000bf2e000 	/System/Library/Frameworks/ApplicationServices.framework/Versions/A/Frameworks/PrintCore.framework/Versions/A/PrintCore
0x000000000bf2e000 	/System/Library/Frameworks/ApplicationServices.framework/Versions/A/Frameworks/QD.framework/Versions/A/QD
0x000000000bf2e000 	/System/Library/Frameworks/ApplicationServices.framework/Versions/A/Frameworks/SpeechSynthesis.framework/Versions/A/SpeechSynthesis
0x000000000bf2e000 	/System/Library/Frameworks/Accelerate.framework/Versions/A/Accelerate
0x000000000bf2e000 	/System/Library/Frameworks/Accelerate.framework/Versions/A/Frameworks/vImage.framework/Versions/A/vImage
0x000000000bf2e000 	/System/Library/Frameworks/Accelerate.framework/Versions/A/Frameworks/vecLib.framework/Versions/A/vecLib
0x000000000bf2e000 	/System/Library/Frameworks/Accelerate.framework/Versions/A/Frameworks/vecLib.framework/Versions/A/libvDSP.dylib
0x000000000bf2e000 	/System/Library/Frameworks/Accelerate.framework/Versions/A/Frameworks/vecLib.framework/Versions/A/libvMisc.dylib
0x000000000bf2e000 	/System/Library/Frameworks/Accelerate.framework/Versions/A/Frameworks/vecLib.framework/Versions/A/libLAPACK.dylib
0x000000000bf2e000 	/System/Library/Frameworks/Accelerate.framework/Versions/A/Frameworks/vecLib.framework/Versions/A/libBLAS.dylib
0x000000000bf2e000 	/System/Library/Frameworks/Accelerate.framework/Versions/A/Frameworks/vecLib.framework/Versions/A/libLinearAlgebra.dylib
0x000000000bf2e000 	/System/Library/Frameworks/ApplicationServices.framework/Versions/A/Frameworks/ATS.framework/Versions/A/Resources/libFontParser.dylib
0x000000000bf2e000 	/System/Library/Frameworks/ApplicationServices.framework/Versions/A/Frameworks/ATS.framework/Versions/A/Resources/libFontRegistry.dylib
0x000000000bf2e000 	/System/Library/PrivateFrameworks/AppleVPA.framework/Versions/A/AppleVPA
0x000000000bf2e000 	/System/Library/PrivateFrameworks/AppleJPEG.framework/Versions/A/AppleJPEG
0x000000000bf2e000 	/System/Library/Frameworks/ImageIO.framework/Versions/A/Resources/libJPEG.dylib
0x000000000bf2e000 	/System/Library/Frameworks/ImageIO.framework/Versions/A/Resources/libTIFF.dylib
0x000000000bf2e000 	/System/Library/Frameworks/ImageIO.framework/Versions/A/Resources/libPng.dylib
0x000000000bf2e000 	/System/Library/Frameworks/ImageIO.framework/Versions/A/Resources/libGIF.dylib
0x000000000bf2e000 	/System/Library/Frameworks/ImageIO.framework/Versions/A/Resources/libJP2.dylib
0x000000000bf2e000 	/System/Library/Frameworks/ImageIO.framework/Versions/A/Resources/libRadiance.dylib
0x000000000bf2e000 	/System/Library/Frameworks/CoreVideo.framework/Versions/A/CoreVideo
0x000000000bf2e000 	/System/Library/Frameworks/OpenGL.framework/Versions/A/Libraries/libGLU.dylib
0x000000000bf2e000 	/System/Library/Frameworks/OpenGL.framework/Versions/A/Libraries/libGFXShared.dylib
0x000000000bf2e000 	/System/Library/Frameworks/OpenGL.framework/Versions/A/Libraries/libGL.dylib
0x000000000bf2e000 	/System/Library/Frameworks/OpenGL.framework/Versions/A/Libraries/libGLImage.dylib
0x000000000bf2e000 	/System/Library/Frameworks/OpenGL.framework/Versions/A/Libraries/libCVMSPluginSupport.dylib
0x000000000bf2e000 	/System/Library/Frameworks/OpenGL.framework/Versions/A/Libraries/libCoreVMClient.dylib
0x000000000bf2e000 	/usr/lib/libcups.2.dylib
0x000000000bf2e000 	/System/Library/Frameworks/Kerberos.framework/Versions/A/Kerberos
0x000000000bf2e000 	/System/Library/Frameworks/GSS.framework/Versions/A/GSS
0x000000000bf2e000 	/usr/lib/libresolv.9.dylib
0x000000000bf2e000 	/System/Library/PrivateFrameworks/Heimdal.framework/Versions/A/Heimdal
0x000000000bf2e000 	/usr/lib/libheimdal-asn1.dylib
0x000000000bf2e000 	/System/Library/Frameworks/OpenDirectory.framework/Versions/A/OpenDirectory
0x000000000bf2e000 	/System/Library/PrivateFrameworks/CommonAuth.framework/Versions/A/CommonAuth
0x000000000bf2e000 	/System/Library/Frameworks/SecurityFoundation.framework/Versions/A/SecurityFoundation
0x000000000bf2e000 	/System/Library/Frameworks/QuartzCore.framework/Versions/A/Frameworks/CoreImage.framework/Versions/A/CoreImage
0x000000000bf2e000 	/System/Library/PrivateFrameworks/CrashReporterSupport.framework/Versions/A/CrashReporterSupport
0x000000000bf2e000 	/System/Library/Frameworks/OpenCL.framework/Versions/A/OpenCL
0x000000000bf2e000 	/System/Library/PrivateFrameworks/FaceCore.framework/Versions/A/FaceCore
0x000000000bf2e000 	/System/Library/PrivateFrameworks/Ubiquity.framework/Versions/A/Ubiquity
0x000000000bf2e000 	/System/Library/PrivateFrameworks/IconServices.framework/Versions/A/IconServices
0x000000000bf2e000 	/System/Library/PrivateFrameworks/ChunkingLibrary.framework/Versions/A/ChunkingLibrary
0x000000000bf2e000 	/System/Library/PrivateFrameworks/Apple80211.framework/Versions/A/Apple80211
0x000000000bf2e000 	/System/Library/Frameworks/CoreWLAN.framework/Versions/A/CoreWLAN
0x000000000bf2e000 	/System/Library/Frameworks/IOBluetooth.framework/Versions/A/IOBluetooth
0x000000000bf2e000 	/System/Library/PrivateFrameworks/CoreWiFi.framework/Versions/A/CoreWiFi
0x000000000bf2e000 	/System/Library/Frameworks/CoreBluetooth.framework/Versions/A/CoreBluetooth
0x000000000bf2e000 	/System/Library/PrivateFrameworks/DebugSymbols.framework/Versions/A/DebugSymbols
0x000000000bf2e000 	/System/Library/PrivateFrameworks/CoreSymbolication.framework/Versions/A/CoreSymbolication
0x000000000bf2e000 	/System/Library/PrivateFrameworks/Symbolication.framework/Versions/A/Symbolication
0x000000000bf2e000 	/System/Library/PrivateFrameworks/SpeechRecognitionCore.framework/Versions/A/SpeechRecognitionCore
0x0000000108a00000 	/Library/Java/JavaVirtualMachines/jdk1.7.0_67.jdk/Contents/Home/jre/lib/server/libjvm.dylib
0x000000000bf2e000 	/usr/lib/libstdc++.6.dylib
0x0000000108142000 	/Library/Java/JavaVirtualMachines/jdk1.7.0_67.jdk/Contents/Home/jre/lib/libverify.dylib
0x000000010814f000 	/Library/Java/JavaVirtualMachines/jdk1.7.0_67.jdk/Contents/Home/jre/lib/libjava.dylib
0x0000000108189000 	/Library/Java/JavaVirtualMachines/jdk1.7.0_67.jdk/Contents/Home/jre/lib/libzip.dylib
0x00000001081e4000 	/System/Library/Frameworks/JavaVM.framework/Frameworks/JavaRuntimeSupport.framework/JavaRuntimeSupport
0x000000011774e000 	/System/Library/Frameworks/JavaVM.framework/Versions/A/Frameworks/JavaNativeFoundation.framework/Versions/A/JavaNativeFoundation
0x0000000117763000 	/System/Library/Frameworks/JavaVM.framework/Versions/A/JavaVM
0x000000000bf2e000 	/System/Library/Frameworks/Carbon.framework/Versions/A/Carbon
0x0000000117770000 	/System/Library/PrivateFrameworks/JavaLaunching.framework/Versions/A/JavaLaunching
0x000000000bf2e000 	/System/Library/Frameworks/Carbon.framework/Versions/A/Frameworks/CommonPanels.framework/Versions/A/CommonPanels
0x000000000bf2e000 	/System/Library/Frameworks/Carbon.framework/Versions/A/Frameworks/Help.framework/Versions/A/Help
0x000000000bf2e000 	/System/Library/Frameworks/Carbon.framework/Versions/A/Frameworks/ImageCapture.framework/Versions/A/ImageCapture
0x000000000bf2e000 	/System/Library/Frameworks/Carbon.framework/Versions/A/Frameworks/OpenScripting.framework/Versions/A/OpenScripting
0x000000000bf2e000 	/System/Library/Frameworks/Carbon.framework/Versions/A/Frameworks/Print.framework/Versions/A/Print
0x000000000bf2e000 	/System/Library/Frameworks/Carbon.framework/Versions/A/Frameworks/SecurityHI.framework/Versions/A/SecurityHI
0x000000011968a000 	/Applications/IntelliJ IDEA 13 CE.app/Contents/bin/libbreakgen64.jnilib
0x0000000119790000 	/Library/Java/JavaVirtualMachines/jdk1.7.0_67.jdk/Contents/Home/jre/lib/libnet.dylib
0x0000000119a38000 	/Library/Java/JavaVirtualMachines/jdk1.7.0_67.jdk/Contents/Home/jre/lib/libprism-es2.dylib
0x000000000bf2e000 	/System/Library/Frameworks/OpenGL.framework/Versions/A/Resources/GLEngine.bundle/GLEngine
0x000000000bf2e000 	/System/Library/Frameworks/OpenGL.framework/Versions/A/Libraries/libGLProgrammability.dylib
0x0000000000000000 	/System/Library/Extensions/AppleIntelHD5000GraphicsGLDriver.bundle/Contents/MacOS/AppleIntelHD5000GraphicsGLDriver
0x000000000bf2e000 	/System/Library/PrivateFrameworks/IOAccelerator.framework/Versions/A/IOAccelerator
0x000000000bf2e000 	/System/Library/PrivateFrameworks/GPUSupport.framework/Versions/A/Libraries/libGPUSupportMercury.dylib
0x000000000bf2e000 	/System/Library/Frameworks/OpenGL.framework/Versions/A/Resources/GLRendererFloat.bundle/GLRendererFloat
0x000000000bf2e000 	/System/Library/Frameworks/OpenCL.framework/Versions/A/Libraries/libcldcpuengine.dylib
0x000000000bf2e000 	/System/Library/PrivateFrameworks/DiskImages.framework/Versions/A/DiskImages
0x000000000bf2e000 	/System/Library/Frameworks/DiscRecording.framework/Versions/A/DiscRecording
0x000000000bf2e000 	/usr/lib/libcsfde.dylib
0x000000000bf2e000 	/usr/lib/libcurl.4.dylib
0x000000000bf2e000 	/System/Library/PrivateFrameworks/MediaKit.framework/Versions/A/MediaKit
0x000000000bf2e000 	/System/Library/PrivateFrameworks/ProtectedCloudStorage.framework/Versions/A/ProtectedCloudStorage
0x000000000bf2e000 	/usr/lib/libCoreStorage.dylib
0x000000000bf2e000 	/System/Library/PrivateFrameworks/EFILogin.framework/Versions/A/EFILogin
0x000000000bf2e000 	/usr/lib/libutil.dylib
0x000000000bf2e000 	/System/Library/PrivateFrameworks/FindMyDevice.framework/Versions/A/FindMyDevice
0x000000000bf2e000 	/System/Library/Frameworks/LDAP.framework/Versions/A/LDAP
0x000000000bf2e000 	/usr/lib/libsasl2.2.dylib
0x000000000bf2e000 	/System/Library/PrivateFrameworks/CoreDaemon.framework/Versions/B/CoreDaemon
0x000000000bf2e000 	/usr/lib/libcrypto.0.9.8.dylib
0x000000000bf2e000 	/System/Library/PrivateFrameworks/AppleSRP.framework/Versions/A/AppleSRP
0x000000000bf2e000 	/System/Library/PrivateFrameworks/TrustEvaluationAgent.framework/Versions/A/TrustEvaluationAgent
0x000000011a007000 	/Library/Java/JavaVirtualMachines/jdk1.7.0_67.jdk/Contents/Home/jre/lib/libglass.dylib
0x000000000bf2e000 	/System/Library/PrivateFrameworks/CoreServicesInternal.framework/Versions/A/CoreServicesInternal
0x000000000bf2e000 	/System/Library/PrivateFrameworks/CloudDocs.framework/Versions/A/CloudDocs
0x000000000bf2e000 	/System/Library/PrivateFrameworks/CoreDuet.framework/Versions/A/CoreDuet
0x000000000bf2e000 	/System/Library/Frameworks/CloudKit.framework/Versions/A/CloudKit
0x000000000bf2e000 	/System/Library/PrivateFrameworks/ProtocolBuffer.framework/Versions/A/ProtocolBuffer
0x000000000bf2e000 	/System/Library/PrivateFrameworks/CoreDuetDaemonProtocol.framework/Versions/A/CoreDuetDaemonProtocol
0x000000000bf2e000 	/System/Library/PrivateFrameworks/CoreDuetDebugLogging.framework/Versions/A/CoreDuetDebugLogging
0x000000000bf2e000 	/System/Library/Frameworks/CoreLocation.framework/Versions/A/CoreLocation
0x000000000bf2e000 	/System/Library/Frameworks/Accounts.framework/Versions/A/Accounts
0x000000000bf2e000 	/System/Library/PrivateFrameworks/ApplePushService.framework/Versions/A/ApplePushService
0x000000000bf2e000 	/System/Library/PrivateFrameworks/GeoServices.framework/Versions/A/GeoServices
0x000000000bf2e000 	/System/Library/PrivateFrameworks/OAuth.framework/Versions/A/OAuth
0x000000000bf2e000 	/System/Library/Frameworks/CoreGraphics.framework/Versions/A/Resources/libCGCMS.A.dylib
0x000000000bf2e000 	/System/Library/CoreServices/RawCamera.bundle/Contents/MacOS/RawCamera
0x000000000bf2e000 	/System/Library/Frameworks/CoreGraphics.framework/Versions/A/Resources/libRIP.A.dylib
0x000000000bf2e000 	/System/Library/PrivateFrameworks/FamilyControls.framework/Versions/A/FamilyControls
0x000000000bf2e000 	/System/Library/PrivateFrameworks/CommerceKit.framework/Versions/A/Frameworks/CommerceCore.framework/Versions/A/CommerceCore
0x000000000bf2e000 	/System/Library/PrivateFrameworks/SystemAdministration.framework/Versions/A/SystemAdministration
0x000000000bf2e000 	/System/Library/PrivateFrameworks/AppContainer.framework/Versions/A/AppContainer
0x000000000bf2e000 	/System/Library/PrivateFrameworks/SecCodeWrapper.framework/Versions/A/SecCodeWrapper
0x000000000bf2e000 	/System/Library/Frameworks/DirectoryService.framework/Versions/A/DirectoryService
0x000000000bf2e000 	/System/Library/PrivateFrameworks/LoginUIKit.framework/Versions/A/Frameworks/LoginUICore.framework/Versions/A/LoginUICore
0x000000000bf2e000 	/usr/lib/libodfde.dylib
0x000000011d55f000 	/Library/Java/JavaVirtualMachines/jdk1.7.0_67.jdk/Contents/Home/jre/lib/libnio.dylib
0x000000000bf2e000 	/System/Library/Frameworks/CoreGraphics.framework/Versions/A/Resources/libCGXType.A.dylib
0x00000001178f3000 	cl_kernels
0x0000000121a82000 	/System/Library/Frameworks/OpenCL.framework/Versions/A/Libraries/ImageFormats/unorm8_bgra.dylib
0x00000001178e4000 	cl_kernels

VM Arguments:
jvm_args: -Didea.launcher.port=7533 -Didea.launcher.bin.path=/Applications/IntelliJ IDEA 13 CE.app/Contents/bin -Dfile.encoding=UTF-8 
java_command: com.intellij.rt.execution.application.AppMain com.melvinkellner.musicplayer.Main
Launcher Type: SUN_STANDARD

Environment Variables:
PATH=/usr/local/bin:/usr/bin:/bin:/usr/sbin:/sbin:/opt/X11/bin:/usr/local/git/bin
SHELL=/bin/bash
DISPLAY=/private/tmp/com.apple.launchd.TCOHpC87xw/org.macosforge.xquartz:0

Signal Handlers:
SIGSEGV: [libjvm.dylib+0x52b6c9], sa_mask[0]=0xfffefeff, sa_flags=0x00000043
SIGBUS: [libjvm.dylib+0x52b6c9], sa_mask[0]=0xfffefeff, sa_flags=0x00000042
SIGFPE: [libjvm.dylib+0x41deaa], sa_mask[0]=0xfffefeff, sa_flags=0x00000042
SIGPIPE: [libjvm.dylib+0x41deaa], sa_mask[0]=0xfffefeff, sa_flags=0x00000042
SIGXFSZ: [libjvm.dylib+0x41deaa], sa_mask[0]=0xfffefeff, sa_flags=0x00000042
SIGILL: [libjvm.dylib+0x41deaa], sa_mask[0]=0xfffefeff, sa_flags=0x00000042
SIGUSR1: SIG_DFL, sa_mask[0]=0x00000000, sa_flags=0x00000000
SIGUSR2: [libjvm.dylib+0x41d99c], sa_mask[0]=0x00000004, sa_flags=0x00000042
SIGHUP: [libjvm.dylib+0x41bc2d], sa_mask[0]=0xfffefeff, sa_flags=0x00000042
SIGINT: [libjvm.dylib+0x41bc2d], sa_mask[0]=0xfffefeff, sa_flags=0x00000042
SIGTERM: [libjvm.dylib+0x41bc2d], sa_mask[0]=0xfffefeff, sa_flags=0x00000042
SIGQUIT: [libjvm.dylib+0x41bc2d], sa_mask[0]=0xfffefeff, sa_flags=0x00000042


---------------  S Y S T E M  ---------------

OS:Bsduname:Darwin 14.0.0 Darwin Kernel Version 14.0.0: Fri Sep 19 00:26:44 PDT 2014; root:xnu-2782.1.97~2/RELEASE_X86_64 x86_64
rlimit: STACK 8192k, CORE 0k, NPROC 709, NOFILE 10240, AS infinity
load average:3.90 2.69 2.31

CPU:total 4 (2 cores per cpu, 2 threads per core) family 6 model 69 stepping 1, cmov, cx8, fxsr, mmx, sse, sse2, sse3, ssse3, sse4.1, sse4.2, popcnt, avx, avx2, aes, erms, ht, tsc, tscinvbit

Memory: 4k page, physical 16777216k(4194304k free)

/proc/meminfo:


vm_info: Java HotSpot(TM) 64-Bit Server VM (24.65-b04) for bsd-amd64 JRE (1.7.0_67-b01), built on Jul 25 2014 08:51:51 by "java_re" with gcc 4.2.1 (Based on Apple Inc. build 5658) (LLVM build 2336.11.00)

time: Thu Nov 27 11:28:24 2014
elapsed time: 269 seconds

